<?xml version="1.0" encoding="UTF-8" ?>
<testsuite tests="300" failures="0" name="net.viktorc.detroid.engine.WinAtChessTest" time="279.661" errors="0" skipped="24">
  <properties>
    <property name="java.runtime.name" value="Java(TM) SE Runtime Environment"/>
    <property name="sun.boot.library.path" value="C:\Program Files\Java\jdk1.8.0_121\jre\bin"/>
    <property name="java.vm.version" value="25.121-b13"/>
    <property name="java.vm.vendor" value="Oracle Corporation"/>
    <property name="maven.multiModuleProjectDirectory" value="C:\Users\A6714\git\DETROID\DETROID"/>
    <property name="java.vendor.url" value="http://java.oracle.com/"/>
    <property name="path.separator" value=";"/>
    <property name="guice.disable.misplaced.annotation.check" value="true"/>
    <property name="java.vm.name" value="Java HotSpot(TM) 64-Bit Server VM"/>
    <property name="file.encoding.pkg" value="sun.io"/>
    <property name="user.script" value=""/>
    <property name="user.country" value="AT"/>
    <property name="sun.java.launcher" value="SUN_STANDARD"/>
    <property name="sun.os.patch.level" value="Service Pack 1"/>
    <property name="java.vm.specification.name" value="Java Virtual Machine Specification"/>
    <property name="user.dir" value="C:\Users\A6714\git\DETROID\DETROID"/>
    <property name="java.runtime.version" value="1.8.0_121-b13"/>
    <property name="java.awt.graphicsenv" value="sun.awt.Win32GraphicsEnvironment"/>
    <property name="java.endorsed.dirs" value="C:\Program Files\Java\jdk1.8.0_121\jre\lib\endorsed"/>
    <property name="os.arch" value="amd64"/>
    <property name="java.io.tmpdir" value="C:\Users\A6714\AppData\Local\Temp\"/>
    <property name="line.separator" value="
"/>
    <property name="java.vm.specification.vendor" value="Oracle Corporation"/>
    <property name="user.variant" value=""/>
    <property name="os.name" value="Windows 7"/>
    <property name="classworlds.conf" value="C:\Users\A6714\workspace\.metadata\.plugins\org.eclipse.m2e.launching\launches\m2conf8665837535627524777.tmp"/>
    <property name="sun.jnu.encoding" value="Cp1252"/>
    <property name="java.library.path" value="C:\Program Files\Java\jdk1.8.0_121\bin;C:\Windows\Sun\Java\bin;C:\Windows\system32;C:\Windows;C:/Program Files/Java/jre1.8.0_121/bin/server;C:/Program Files/Java/jre1.8.0_121/bin;C:/Program Files/Java/jre1.8.0_121/lib/amd64;C:\Program Files\Java\jre1.8.0_66\bin;C:\Program Files (x86)\Java\jre7\bin;C:\ProgramData\Oracle\Java\javapath;C:\Program Files (x86)\IBM\Rational\common;C:\Program Files (x86)\Intel\iCLS Client\;C:\Program Files\Intel\iCLS Client\;C:\Windows\system32;C:\Windows;C:\Windows\System32\Wbem;C:\Windows\System32\WindowsPowerShell\v1.0\;C:\Program Files\Intel\Intel(R) Management Engine Components\DAL;C:\Program Files\Intel\Intel(R) Management Engine Components\IPT;C:\Program Files (x86)\Intel\Intel(R) Management Engine Components\DAL;C:\Program Files (x86)\Intel\Intel(R) Management Engine Components\IPT;C:\Program Files\IBM\DB2DSDriver\bin;C:\PROGRA~1\IBM\DB2DSD~1\BIN;C:\Program Files (x86)\Sennheiser\SoftphoneSDK\;C:\Program Files (x86)\IBM\Personal Communications\;C:\Program Files (x86)\IBM\Trace Facility\;C:\Program Files (x86)\IBM\Rational\ClearCase\bin;C:\Program Files (x86)\IBM\gsk8\lib;C:\Program Files (x86)\IBM\gsk8\bin;C:\Program Files (x86)\Ant\bin;C:\Perl64\bin;C:\Program Files\TortoiseSVN\bin;C:\Program Files\CollabNet\Subversion Client;C:\Program Files\Novell\iPrint;C:\Program Files\nodejs\;C:\Users\A6714\AppData\Roaming\npm;Z:.;;C:\Windows\system32;;."/>
    <property name="java.specification.name" value="Java Platform API Specification"/>
    <property name="java.class.version" value="52.0"/>
    <property name="sun.management.compiler" value="HotSpot 64-Bit Tiered Compilers"/>
    <property name="os.version" value="6.1"/>
    <property name="user.home" value="C:\Users\A6714"/>
    <property name="user.timezone" value="Europe/Berlin"/>
    <property name="java.awt.printerjob" value="sun.awt.windows.WPrinterJob"/>
    <property name="java.specification.version" value="1.8"/>
    <property name="file.encoding" value="Cp1252"/>
    <property name="user.name" value="A6714"/>
    <property name="java.class.path" value="/C:/Users/A6714/eclipse/java-neon/eclipse/../../../.p2/pool/plugins/org.eclipse.m2e.maven.runtime_1.7.0.20160603-1931/jars/plexus-classworlds-2.5.2.jar"/>
    <property name="java.vm.specification.version" value="1.8"/>
    <property name="sun.arch.data.model" value="64"/>
    <property name="java.home" value="C:\Program Files\Java\jdk1.8.0_121\jre"/>
    <property name="sun.java.command" value="org.codehaus.plexus.classworlds.launcher.Launcher -B install"/>
    <property name="java.specification.vendor" value="Oracle Corporation"/>
    <property name="user.language" value="de"/>
    <property name="awt.toolkit" value="sun.awt.windows.WToolkit"/>
    <property name="java.vm.info" value="mixed mode"/>
    <property name="java.version" value="1.8.0_121"/>
    <property name="java.ext.dirs" value="C:\Program Files\Java\jdk1.8.0_121\jre\lib\ext;C:\Windows\Sun\Java\lib\ext"/>
    <property name="sun.boot.class.path" value="C:\Program Files\Java\jdk1.8.0_121\jre\lib\resources.jar;C:\Program Files\Java\jdk1.8.0_121\jre\lib\rt.jar;C:\Program Files\Java\jdk1.8.0_121\jre\lib\sunrsasign.jar;C:\Program Files\Java\jdk1.8.0_121\jre\lib\jsse.jar;C:\Program Files\Java\jdk1.8.0_121\jre\lib\jce.jar;C:\Program Files\Java\jdk1.8.0_121\jre\lib\charsets.jar;C:\Program Files\Java\jdk1.8.0_121\jre\lib\jfr.jar;C:\Program Files\Java\jdk1.8.0_121\jre\classes"/>
    <property name="java.vendor" value="Oracle Corporation"/>
    <property name="maven.home" value="C:\Users\A6714\git\DETROID\DETROID\EMBEDDED"/>
    <property name="file.separator" value="\"/>
    <property name="java.vendor.url.bug" value="http://bugreport.sun.com/bugreport/"/>
    <property name="sun.cpu.endian" value="little"/>
    <property name="sun.io.unicode.encoding" value="UnicodeLittle"/>
    <property name="sun.desktop" value="windows"/>
    <property name="sun.cpu.isalist" value="amd64"/>
  </properties>
  <testcase classname="net.viktorc.detroid.engine.WinAtChessTest" name="search[0]" time="0.281"/>
  <testcase classname="net.viktorc.detroid.engine.WinAtChessTest" name="search[1]" time="1.045">
    <skipped/>
    <system-out>8/7p/5k2/5p2/p1p2P2/Pr1pPK2/1P1R3P/8 b - - bm Rxb2; id &quot;WAC.002&quot;; - h5 in 1,000s
</system-out>
  </testcase>
  <testcase classname="net.viktorc.detroid.engine.WinAtChessTest" name="search[2]" time="1.022"/>
  <testcase classname="net.viktorc.detroid.engine.WinAtChessTest" name="search[3]" time="0.016"/>
  <testcase classname="net.viktorc.detroid.engine.WinAtChessTest" name="search[4]" time="0.031"/>
  <testcase classname="net.viktorc.detroid.engine.WinAtChessTest" name="search[5]" time="1.03"/>
  <testcase classname="net.viktorc.detroid.engine.WinAtChessTest" name="search[6]" time="1.015"/>
  <testcase classname="net.viktorc.detroid.engine.WinAtChessTest" name="search[7]" time="1.015">
    <skipped/>
    <system-out>r4q1k/p2bR1rp/2p2Q1N/5p2/5p2/2P5/PP3PPP/R5K1 w - - bm Rf7; id &quot;WAC.008&quot;; - Nf7+ in 1,000s
</system-out>
  </testcase>
  <testcase classname="net.viktorc.detroid.engine.WinAtChessTest" name="search[8]" time="1.03"/>
  <testcase classname="net.viktorc.detroid.engine.WinAtChessTest" name="search[9]" time="1.033"/>
  <testcase classname="net.viktorc.detroid.engine.WinAtChessTest" name="search[10]" time="1.015"/>
  <testcase classname="net.viktorc.detroid.engine.WinAtChessTest" name="search[11]" time="0"/>
  <testcase classname="net.viktorc.detroid.engine.WinAtChessTest" name="search[12]" time="1.031"/>
  <testcase classname="net.viktorc.detroid.engine.WinAtChessTest" name="search[13]" time="1.03"/>
  <testcase classname="net.viktorc.detroid.engine.WinAtChessTest" name="search[14]" time="1.031"/>
  <testcase classname="net.viktorc.detroid.engine.WinAtChessTest" name="search[15]" time="1.015"/>
  <testcase classname="net.viktorc.detroid.engine.WinAtChessTest" name="search[16]" time="1.015"/>
  <testcase classname="net.viktorc.detroid.engine.WinAtChessTest" name="search[17]" time="1.015"/>
  <testcase classname="net.viktorc.detroid.engine.WinAtChessTest" name="search[18]" time="1.03"/>
  <testcase classname="net.viktorc.detroid.engine.WinAtChessTest" name="search[19]" time="1.015"/>
  <testcase classname="net.viktorc.detroid.engine.WinAtChessTest" name="search[20]" time="1.015"/>
  <testcase classname="net.viktorc.detroid.engine.WinAtChessTest" name="search[21]" time="1.015"/>
  <testcase classname="net.viktorc.detroid.engine.WinAtChessTest" name="search[22]" time="1.015"/>
  <testcase classname="net.viktorc.detroid.engine.WinAtChessTest" name="search[23]" time="1.015"/>
  <testcase classname="net.viktorc.detroid.engine.WinAtChessTest" name="search[24]" time="1.015"/>
  <testcase classname="net.viktorc.detroid.engine.WinAtChessTest" name="search[25]" time="1.031"/>
  <testcase classname="net.viktorc.detroid.engine.WinAtChessTest" name="search[26]" time="0.001"/>
  <testcase classname="net.viktorc.detroid.engine.WinAtChessTest" name="search[27]" time="1.029"/>
  <testcase classname="net.viktorc.detroid.engine.WinAtChessTest" name="search[28]" time="1.019"/>
  <testcase classname="net.viktorc.detroid.engine.WinAtChessTest" name="search[29]" time="1.03"/>
  <testcase classname="net.viktorc.detroid.engine.WinAtChessTest" name="search[30]" time="1.016"/>
  <testcase classname="net.viktorc.detroid.engine.WinAtChessTest" name="search[31]" time="1.031"/>
  <testcase classname="net.viktorc.detroid.engine.WinAtChessTest" name="search[32]" time="1.016"/>
  <testcase classname="net.viktorc.detroid.engine.WinAtChessTest" name="search[33]" time="1.015"/>
  <testcase classname="net.viktorc.detroid.engine.WinAtChessTest" name="search[34]" time="1.03"/>
  <testcase classname="net.viktorc.detroid.engine.WinAtChessTest" name="search[35]" time="1.015"/>
  <testcase classname="net.viktorc.detroid.engine.WinAtChessTest" name="search[36]" time="1.015"/>
  <testcase classname="net.viktorc.detroid.engine.WinAtChessTest" name="search[37]" time="1.031"/>
  <testcase classname="net.viktorc.detroid.engine.WinAtChessTest" name="search[38]" time="1.03"/>
  <testcase classname="net.viktorc.detroid.engine.WinAtChessTest" name="search[39]" time="1.015"/>
  <testcase classname="net.viktorc.detroid.engine.WinAtChessTest" name="search[40]" time="1.015"/>
  <testcase classname="net.viktorc.detroid.engine.WinAtChessTest" name="search[41]" time="1.015"/>
  <testcase classname="net.viktorc.detroid.engine.WinAtChessTest" name="search[42]" time="1.015"/>
  <testcase classname="net.viktorc.detroid.engine.WinAtChessTest" name="search[43]" time="1.015"/>
  <testcase classname="net.viktorc.detroid.engine.WinAtChessTest" name="search[44]" time="1.015"/>
  <testcase classname="net.viktorc.detroid.engine.WinAtChessTest" name="search[45]" time="1.016">
    <skipped/>
    <system-out>r1bqr1k1/pp1nb1p1/4p2p/3p1p2/3P4/P1N1PNP1/1PQ2PP1/3RKB1R w K - bm Nb5; id &quot;WAC.046&quot;; - Qb3 in 1,000s
</system-out>
  </testcase>
  <testcase classname="net.viktorc.detroid.engine.WinAtChessTest" name="search[46]" time="1.031"/>
  <testcase classname="net.viktorc.detroid.engine.WinAtChessTest" name="search[47]" time="1.015"/>
  <testcase classname="net.viktorc.detroid.engine.WinAtChessTest" name="search[48]" time="1.031"/>
  <testcase classname="net.viktorc.detroid.engine.WinAtChessTest" name="search[49]" time="0.157"/>
  <testcase classname="net.viktorc.detroid.engine.WinAtChessTest" name="search[50]" time="1.015"/>
  <testcase classname="net.viktorc.detroid.engine.WinAtChessTest" name="search[51]" time="1.031"/>
  <testcase classname="net.viktorc.detroid.engine.WinAtChessTest" name="search[52]" time="1.015"/>
  <testcase classname="net.viktorc.detroid.engine.WinAtChessTest" name="search[53]" time="0.001"/>
  <testcase classname="net.viktorc.detroid.engine.WinAtChessTest" name="search[54]" time="1.029">
    <skipped/>
    <system-out>r3r1k1/pp1q1pp1/4b1p1/3p2B1/3Q1R2/8/PPP3PP/4R1K1 w - - bm Qxg7+; id &quot;WAC.055&quot;; - Bh4 in 1,000s
</system-out>
  </testcase>
  <testcase classname="net.viktorc.detroid.engine.WinAtChessTest" name="search[55]" time="1.015"/>
  <testcase classname="net.viktorc.detroid.engine.WinAtChessTest" name="search[56]" time="0.454"/>
  <testcase classname="net.viktorc.detroid.engine.WinAtChessTest" name="search[57]" time="1.029"/>
  <testcase classname="net.viktorc.detroid.engine.WinAtChessTest" name="search[58]" time="1.004"/>
  <testcase classname="net.viktorc.detroid.engine.WinAtChessTest" name="search[59]" time="0"/>
  <testcase classname="net.viktorc.detroid.engine.WinAtChessTest" name="search[60]" time="0.032"/>
  <testcase classname="net.viktorc.detroid.engine.WinAtChessTest" name="search[61]" time="1.029"/>
  <testcase classname="net.viktorc.detroid.engine.WinAtChessTest" name="search[62]" time="1.016"/>
  <testcase classname="net.viktorc.detroid.engine.WinAtChessTest" name="search[63]" time="0.173"/>
  <testcase classname="net.viktorc.detroid.engine.WinAtChessTest" name="search[64]" time="1.014"/>
  <testcase classname="net.viktorc.detroid.engine.WinAtChessTest" name="search[65]" time="1.016"/>
  <testcase classname="net.viktorc.detroid.engine.WinAtChessTest" name="search[66]" time="1.031"/>
  <testcase classname="net.viktorc.detroid.engine.WinAtChessTest" name="search[67]" time="1.015"/>
  <testcase classname="net.viktorc.detroid.engine.WinAtChessTest" name="search[68]" time="1.03"/>
  <testcase classname="net.viktorc.detroid.engine.WinAtChessTest" name="search[69]" time="1.015"/>
  <testcase classname="net.viktorc.detroid.engine.WinAtChessTest" name="search[70]" time="1.016"/>
  <testcase classname="net.viktorc.detroid.engine.WinAtChessTest" name="search[71]" time="1.015"/>
  <testcase classname="net.viktorc.detroid.engine.WinAtChessTest" name="search[72]" time="1.015"/>
  <testcase classname="net.viktorc.detroid.engine.WinAtChessTest" name="search[73]" time="1.015"/>
  <testcase classname="net.viktorc.detroid.engine.WinAtChessTest" name="search[74]" time="1.015"/>
  <testcase classname="net.viktorc.detroid.engine.WinAtChessTest" name="search[75]" time="1.032"/>
  <testcase classname="net.viktorc.detroid.engine.WinAtChessTest" name="search[76]" time="1.015"/>
  <testcase classname="net.viktorc.detroid.engine.WinAtChessTest" name="search[77]" time="1.015"/>
  <testcase classname="net.viktorc.detroid.engine.WinAtChessTest" name="search[78]" time="0.703"/>
  <testcase classname="net.viktorc.detroid.engine.WinAtChessTest" name="search[79]" time="1.03"/>
  <testcase classname="net.viktorc.detroid.engine.WinAtChessTest" name="search[80]" time="1.016">
    <skipped/>
    <system-out>r4rk1/1bR1bppp/4pn2/1p2N3/1P6/P3P3/4BPPP/3R2K1 b - - bm Bd6; id &quot;WAC.081&quot;; - Be4 in 1,000s
</system-out>
  </testcase>
  <testcase classname="net.viktorc.detroid.engine.WinAtChessTest" name="search[81]" time="1.031"/>
  <testcase classname="net.viktorc.detroid.engine.WinAtChessTest" name="search[82]" time="1.015"/>
  <testcase classname="net.viktorc.detroid.engine.WinAtChessTest" name="search[83]" time="0.032"/>
  <testcase classname="net.viktorc.detroid.engine.WinAtChessTest" name="search[84]" time="1.014"/>
  <testcase classname="net.viktorc.detroid.engine.WinAtChessTest" name="search[85]" time="1.015"/>
  <testcase classname="net.viktorc.detroid.engine.WinAtChessTest" name="search[86]" time="1.015"/>
  <testcase classname="net.viktorc.detroid.engine.WinAtChessTest" name="search[87]" time="1.031"/>
  <testcase classname="net.viktorc.detroid.engine.WinAtChessTest" name="search[88]" time="1.015"/>
  <testcase classname="net.viktorc.detroid.engine.WinAtChessTest" name="search[89]" time="1.015"/>
  <testcase classname="net.viktorc.detroid.engine.WinAtChessTest" name="search[90]" time="1.015"/>
  <testcase classname="net.viktorc.detroid.engine.WinAtChessTest" name="search[91]" time="1.017"/>
  <testcase classname="net.viktorc.detroid.engine.WinAtChessTest" name="search[92]" time="1.047"/>
  <testcase classname="net.viktorc.detroid.engine.WinAtChessTest" name="search[93]" time="1.03"/>
  <testcase classname="net.viktorc.detroid.engine.WinAtChessTest" name="search[94]" time="1.031"/>
  <testcase classname="net.viktorc.detroid.engine.WinAtChessTest" name="search[95]" time="1"/>
  <testcase classname="net.viktorc.detroid.engine.WinAtChessTest" name="search[96]" time="0.266"/>
  <testcase classname="net.viktorc.detroid.engine.WinAtChessTest" name="search[97]" time="1.015"/>
  <testcase classname="net.viktorc.detroid.engine.WinAtChessTest" name="search[98]" time="0.001"/>
  <testcase classname="net.viktorc.detroid.engine.WinAtChessTest" name="search[99]" time="1.045">
    <skipped/>
    <system-out>8/k1b5/P4p2/1Pp2p1p/K1P2P1P/8/3B4/8 w - - bm Be3 b6+; id &quot;WAC.100&quot;; - Kb3 in 1,000s
</system-out>
  </testcase>
  <testcase classname="net.viktorc.detroid.engine.WinAtChessTest" name="search[100]" time="1.03"/>
  <testcase classname="net.viktorc.detroid.engine.WinAtChessTest" name="search[101]" time="0.703"/>
  <testcase classname="net.viktorc.detroid.engine.WinAtChessTest" name="search[102]" time="1.031"/>
  <testcase classname="net.viktorc.detroid.engine.WinAtChessTest" name="search[103]" time="1.03"/>
  <testcase classname="net.viktorc.detroid.engine.WinAtChessTest" name="search[104]" time="1.015"/>
  <testcase classname="net.viktorc.detroid.engine.WinAtChessTest" name="search[105]" time="1.031"/>
  <testcase classname="net.viktorc.detroid.engine.WinAtChessTest" name="search[106]" time="1.015"/>
  <testcase classname="net.viktorc.detroid.engine.WinAtChessTest" name="search[107]" time="1.015"/>
  <testcase classname="net.viktorc.detroid.engine.WinAtChessTest" name="search[108]" time="1.031"/>
  <testcase classname="net.viktorc.detroid.engine.WinAtChessTest" name="search[109]" time="1.014"/>
  <testcase classname="net.viktorc.detroid.engine.WinAtChessTest" name="search[110]" time="1.031"/>
  <testcase classname="net.viktorc.detroid.engine.WinAtChessTest" name="search[111]" time="1.015"/>
  <testcase classname="net.viktorc.detroid.engine.WinAtChessTest" name="search[112]" time="1.016"/>
  <testcase classname="net.viktorc.detroid.engine.WinAtChessTest" name="search[113]" time="1.015"/>
  <testcase classname="net.viktorc.detroid.engine.WinAtChessTest" name="search[114]" time="1.015"/>
  <testcase classname="net.viktorc.detroid.engine.WinAtChessTest" name="search[115]" time="1.015"/>
  <testcase classname="net.viktorc.detroid.engine.WinAtChessTest" name="search[116]" time="1.015"/>
  <testcase classname="net.viktorc.detroid.engine.WinAtChessTest" name="search[117]" time="1.03"/>
  <testcase classname="net.viktorc.detroid.engine.WinAtChessTest" name="search[118]" time="1.031"/>
  <testcase classname="net.viktorc.detroid.engine.WinAtChessTest" name="search[119]" time="1.002"/>
  <testcase classname="net.viktorc.detroid.engine.WinAtChessTest" name="search[120]" time="1.015"/>
  <testcase classname="net.viktorc.detroid.engine.WinAtChessTest" name="search[121]" time="1.031"/>
  <testcase classname="net.viktorc.detroid.engine.WinAtChessTest" name="search[122]" time="1.015"/>
  <testcase classname="net.viktorc.detroid.engine.WinAtChessTest" name="search[123]" time="1.016"/>
  <testcase classname="net.viktorc.detroid.engine.WinAtChessTest" name="search[124]" time="1.015">
    <skipped/>
    <system-out>r1bqr1k1/pp3ppp/1bp5/3n4/3B4/2N2P1P/PPP1B1P1/R2Q1RK1 b - - bm Bxd4+; id &quot;WAC.125&quot;; - Bxh3 in 1,000s
</system-out>
  </testcase>
  <testcase classname="net.viktorc.detroid.engine.WinAtChessTest" name="search[125]" time="1.015"/>
  <testcase classname="net.viktorc.detroid.engine.WinAtChessTest" name="search[126]" time="1.015"/>
  <testcase classname="net.viktorc.detroid.engine.WinAtChessTest" name="search[127]" time="1.016"/>
  <testcase classname="net.viktorc.detroid.engine.WinAtChessTest" name="search[128]" time="1.015"/>
  <testcase classname="net.viktorc.detroid.engine.WinAtChessTest" name="search[129]" time="1.03"/>
  <testcase classname="net.viktorc.detroid.engine.WinAtChessTest" name="search[130]" time="1.017"/>
  <testcase classname="net.viktorc.detroid.engine.WinAtChessTest" name="search[131]" time="0.454"/>
  <testcase classname="net.viktorc.detroid.engine.WinAtChessTest" name="search[132]" time="1.014"/>
  <testcase classname="net.viktorc.detroid.engine.WinAtChessTest" name="search[133]" time="1.03"/>
  <testcase classname="net.viktorc.detroid.engine.WinAtChessTest" name="search[134]" time="1.015"/>
  <testcase classname="net.viktorc.detroid.engine.WinAtChessTest" name="search[135]" time="0.875"/>
  <testcase classname="net.viktorc.detroid.engine.WinAtChessTest" name="search[136]" time="1.014"/>
  <testcase classname="net.viktorc.detroid.engine.WinAtChessTest" name="search[137]" time="1.03"/>
  <testcase classname="net.viktorc.detroid.engine.WinAtChessTest" name="search[138]" time="1.031"/>
  <testcase classname="net.viktorc.detroid.engine.WinAtChessTest" name="search[139]" time="1.008"/>
  <testcase classname="net.viktorc.detroid.engine.WinAtChessTest" name="search[140]" time="1.015">
    <skipped/>
    <system-out>4r1k1/p1qr1p2/2pb1Bp1/1p5p/3P1n1R/1B3P2/PP3PK1/2Q4R w - - bm Qxf4; id &quot;WAC.141&quot;; - Kf1 in 1,000s
</system-out>
  </testcase>
  <testcase classname="net.viktorc.detroid.engine.WinAtChessTest" name="search[141]" time="1.015"/>
  <testcase classname="net.viktorc.detroid.engine.WinAtChessTest" name="search[142]" time="0.406"/>
  <testcase classname="net.viktorc.detroid.engine.WinAtChessTest" name="search[143]" time="1.015"/>
  <testcase classname="net.viktorc.detroid.engine.WinAtChessTest" name="search[144]" time="1.031">
    <skipped/>
    <system-out>r1bq4/1p4kp/3p1n2/p4pB1/2pQ4/8/1P4PP/4RRK1 w - - bm Re8; id &quot;WAC.145&quot;; - Rf3 in 1,000s
</system-out>
  </testcase>
  <testcase classname="net.viktorc.detroid.engine.WinAtChessTest" name="search[145]" time="1.015"/>
  <testcase classname="net.viktorc.detroid.engine.WinAtChessTest" name="search[146]" time="1.03"/>
  <testcase classname="net.viktorc.detroid.engine.WinAtChessTest" name="search[147]" time="1.015"/>
  <testcase classname="net.viktorc.detroid.engine.WinAtChessTest" name="search[148]" time="1.015"/>
  <testcase classname="net.viktorc.detroid.engine.WinAtChessTest" name="search[149]" time="1.015"/>
  <testcase classname="net.viktorc.detroid.engine.WinAtChessTest" name="search[150]" time="1.016"/>
  <testcase classname="net.viktorc.detroid.engine.WinAtChessTest" name="search[151]" time="1.046"/>
  <testcase classname="net.viktorc.detroid.engine.WinAtChessTest" name="search[152]" time="1.015"/>
  <testcase classname="net.viktorc.detroid.engine.WinAtChessTest" name="search[153]" time="0"/>
  <testcase classname="net.viktorc.detroid.engine.WinAtChessTest" name="search[154]" time="1.015"/>
  <testcase classname="net.viktorc.detroid.engine.WinAtChessTest" name="search[155]" time="0.001"/>
  <testcase classname="net.viktorc.detroid.engine.WinAtChessTest" name="search[156]" time="1.03">
    <skipped/>
    <system-out>5rk1/p4ppp/2p1b3/3Nq3/4P1n1/1p1B2QP/1PPr2P1/1K2R2R w - - bm Ne7+; id &quot;WAC.157&quot;; - xg4 in 1,000s
</system-out>
  </testcase>
  <testcase classname="net.viktorc.detroid.engine.WinAtChessTest" name="search[157]" time="0.599"/>
  <testcase classname="net.viktorc.detroid.engine.WinAtChessTest" name="search[158]" time="1.01"/>
  <testcase classname="net.viktorc.detroid.engine.WinAtChessTest" name="search[159]" time="0.061"/>
  <testcase classname="net.viktorc.detroid.engine.WinAtChessTest" name="search[160]" time="1.045"/>
  <testcase classname="net.viktorc.detroid.engine.WinAtChessTest" name="search[161]" time="1.016"/>
  <testcase classname="net.viktorc.detroid.engine.WinAtChessTest" name="search[162]" time="1.015">
    <skipped/>
    <system-out>5rk1/2p4p/2p4r/3P4/4p1b1/1Q2NqPp/PP3P1K/R4R2 b - - bm Qg2+; id &quot;WAC.163&quot;; - c5 in 1,000s
</system-out>
  </testcase>
  <testcase classname="net.viktorc.detroid.engine.WinAtChessTest" name="search[163]" time="1.015"/>
  <testcase classname="net.viktorc.detroid.engine.WinAtChessTest" name="search[164]" time="1.015"/>
  <testcase classname="net.viktorc.detroid.engine.WinAtChessTest" name="search[165]" time="1.047"/>
  <testcase classname="net.viktorc.detroid.engine.WinAtChessTest" name="search[166]" time="1.03"/>
  <testcase classname="net.viktorc.detroid.engine.WinAtChessTest" name="search[167]" time="1.015"/>
  <testcase classname="net.viktorc.detroid.engine.WinAtChessTest" name="search[168]" time="1.015"/>
  <testcase classname="net.viktorc.detroid.engine.WinAtChessTest" name="search[169]" time="1.031"/>
  <testcase classname="net.viktorc.detroid.engine.WinAtChessTest" name="search[170]" time="1.015"/>
  <testcase classname="net.viktorc.detroid.engine.WinAtChessTest" name="search[171]" time="0.64"/>
  <testcase classname="net.viktorc.detroid.engine.WinAtChessTest" name="search[172]" time="1.042"/>
  <testcase classname="net.viktorc.detroid.engine.WinAtChessTest" name="search[173]" time="1.015"/>
  <testcase classname="net.viktorc.detroid.engine.WinAtChessTest" name="search[174]" time="1.015"/>
  <testcase classname="net.viktorc.detroid.engine.WinAtChessTest" name="search[175]" time="1.015"/>
  <testcase classname="net.viktorc.detroid.engine.WinAtChessTest" name="search[176]" time="0.891"/>
  <testcase classname="net.viktorc.detroid.engine.WinAtChessTest" name="search[177]" time="1.014">
    <skipped/>
    <system-out>3r2k1/p1rn1p1p/1p2pp2/6q1/3PQNP1/5P2/P1P4R/R5K1 w - - bm Nxe6; id &quot;WAC.178&quot;; - Qxh7+ in 1,000s
</system-out>
  </testcase>
  <testcase classname="net.viktorc.detroid.engine.WinAtChessTest" name="search[178]" time="0.672"/>
  <testcase classname="net.viktorc.detroid.engine.WinAtChessTest" name="search[179]" time="1.014"/>
  <testcase classname="net.viktorc.detroid.engine.WinAtChessTest" name="search[180]" time="1.017"/>
  <testcase classname="net.viktorc.detroid.engine.WinAtChessTest" name="search[181]" time="1.015"/>
  <testcase classname="net.viktorc.detroid.engine.WinAtChessTest" name="search[182]" time="1.03"/>
  <testcase classname="net.viktorc.detroid.engine.WinAtChessTest" name="search[183]" time="0.001"/>
  <testcase classname="net.viktorc.detroid.engine.WinAtChessTest" name="search[184]" time="1.03"/>
  <testcase classname="net.viktorc.detroid.engine.WinAtChessTest" name="search[185]" time="0.687"/>
  <testcase classname="net.viktorc.detroid.engine.WinAtChessTest" name="search[186]" time="1.014"/>
  <testcase classname="net.viktorc.detroid.engine.WinAtChessTest" name="search[187]" time="0.001"/>
  <testcase classname="net.viktorc.detroid.engine.WinAtChessTest" name="search[188]" time="1.045"/>
  <testcase classname="net.viktorc.detroid.engine.WinAtChessTest" name="search[189]" time="1.015"/>
  <testcase classname="net.viktorc.detroid.engine.WinAtChessTest" name="search[190]" time="0.485"/>
  <testcase classname="net.viktorc.detroid.engine.WinAtChessTest" name="search[191]" time="1.014"/>
  <testcase classname="net.viktorc.detroid.engine.WinAtChessTest" name="search[192]" time="1.015"/>
  <testcase classname="net.viktorc.detroid.engine.WinAtChessTest" name="search[193]" time="1.015"/>
  <testcase classname="net.viktorc.detroid.engine.WinAtChessTest" name="search[194]" time="1.016"/>
  <testcase classname="net.viktorc.detroid.engine.WinAtChessTest" name="search[195]" time="1.015"/>
  <testcase classname="net.viktorc.detroid.engine.WinAtChessTest" name="search[196]" time="0.079"/>
  <testcase classname="net.viktorc.detroid.engine.WinAtChessTest" name="search[197]" time="1.029"/>
  <testcase classname="net.viktorc.detroid.engine.WinAtChessTest" name="search[198]" time="1.015"/>
  <testcase classname="net.viktorc.detroid.engine.WinAtChessTest" name="search[199]" time="1.031"/>
  <testcase classname="net.viktorc.detroid.engine.WinAtChessTest" name="search[200]" time="1.03"/>
  <testcase classname="net.viktorc.detroid.engine.WinAtChessTest" name="search[201]" time="1.015"/>
  <testcase classname="net.viktorc.detroid.engine.WinAtChessTest" name="search[202]" time="0.501"/>
  <testcase classname="net.viktorc.detroid.engine.WinAtChessTest" name="search[203]" time="1.045"/>
  <testcase classname="net.viktorc.detroid.engine.WinAtChessTest" name="search[204]" time="1.046"/>
  <testcase classname="net.viktorc.detroid.engine.WinAtChessTest" name="search[205]" time="1.015"/>
  <testcase classname="net.viktorc.detroid.engine.WinAtChessTest" name="search[206]" time="1.015"/>
  <testcase classname="net.viktorc.detroid.engine.WinAtChessTest" name="search[207]" time="1.017"/>
  <testcase classname="net.viktorc.detroid.engine.WinAtChessTest" name="search[208]" time="1.015"/>
  <testcase classname="net.viktorc.detroid.engine.WinAtChessTest" name="search[209]" time="1.015"/>
  <testcase classname="net.viktorc.detroid.engine.WinAtChessTest" name="search[210]" time="1.031"/>
  <testcase classname="net.viktorc.detroid.engine.WinAtChessTest" name="search[211]" time="1.018"/>
  <testcase classname="net.viktorc.detroid.engine.WinAtChessTest" name="search[212]" time="1.015"/>
  <testcase classname="net.viktorc.detroid.engine.WinAtChessTest" name="search[213]" time="1.016"/>
  <testcase classname="net.viktorc.detroid.engine.WinAtChessTest" name="search[214]" time="1.03"/>
  <testcase classname="net.viktorc.detroid.engine.WinAtChessTest" name="search[215]" time="1.001"/>
  <testcase classname="net.viktorc.detroid.engine.WinAtChessTest" name="search[216]" time="1.031"/>
  <testcase classname="net.viktorc.detroid.engine.WinAtChessTest" name="search[217]" time="1.032"/>
  <testcase classname="net.viktorc.detroid.engine.WinAtChessTest" name="search[218]" time="0.282"/>
  <testcase classname="net.viktorc.detroid.engine.WinAtChessTest" name="search[219]" time="1.046">
    <skipped/>
    <system-out>3rr1k1/ppp2ppp/8/5Q2/4n3/1B5R/PPP1qPP1/5RK1 b - - bm Qxf1+; id &quot;WAC.220&quot;; - Nf6 in 1,000s
</system-out>
  </testcase>
  <testcase classname="net.viktorc.detroid.engine.WinAtChessTest" name="search[220]" time="1.03"/>
  <testcase classname="net.viktorc.detroid.engine.WinAtChessTest" name="search[221]" time="1.033">
    <skipped/>
    <system-out>2r1r2k/1q3ppp/p2Rp3/2p1P3/6QB/p3P3/bP3PPP/3R2K1 w - - bm Bf6; id &quot;WAC.222&quot;; - xa3 in 1,000s
</system-out>
  </testcase>
  <testcase classname="net.viktorc.detroid.engine.WinAtChessTest" name="search[222]" time="1"/>
  <testcase classname="net.viktorc.detroid.engine.WinAtChessTest" name="search[223]" time="1.03"/>
  <testcase classname="net.viktorc.detroid.engine.WinAtChessTest" name="search[224]" time="0.219"/>
  <testcase classname="net.viktorc.detroid.engine.WinAtChessTest" name="search[225]" time="1.016"/>
  <testcase classname="net.viktorc.detroid.engine.WinAtChessTest" name="search[226]" time="1.015"/>
  <testcase classname="net.viktorc.detroid.engine.WinAtChessTest" name="search[227]" time="1.015"/>
  <testcase classname="net.viktorc.detroid.engine.WinAtChessTest" name="search[228]" time="1.015">
    <skipped/>
    <system-out>8/8/8/1p5r/p1p1k1pN/P2pBpP1/1P1K1P2/8 b - - bm Rxh4 b4; id &quot;WAC.229&quot;; - Rh8 in 1,000s
</system-out>
  </testcase>
  <testcase classname="net.viktorc.detroid.engine.WinAtChessTest" name="search[229]" time="1.015">
    <skipped/>
    <system-out>2b5/1r6/2kBp1p1/p2pP1P1/2pP4/1pP3K1/1R3P2/8 b - - bm Rb4; id &quot;WAC.230&quot;; - Rh7 in 1,000s
</system-out>
  </testcase>
  <testcase classname="net.viktorc.detroid.engine.WinAtChessTest" name="search[230]" time="1.015"/>
  <testcase classname="net.viktorc.detroid.engine.WinAtChessTest" name="search[231]" time="1.015"/>
  <testcase classname="net.viktorc.detroid.engine.WinAtChessTest" name="search[232]" time="1.015"/>
  <testcase classname="net.viktorc.detroid.engine.WinAtChessTest" name="search[233]" time="1.031"/>
  <testcase classname="net.viktorc.detroid.engine.WinAtChessTest" name="search[234]" time="1.015"/>
  <testcase classname="net.viktorc.detroid.engine.WinAtChessTest" name="search[235]" time="1.014"/>
  <testcase classname="net.viktorc.detroid.engine.WinAtChessTest" name="search[236]" time="1.031">
    <skipped/>
    <system-out>r5k1/pQp2qpp/8/4pbN1/3P4/6P1/PPr4P/1K1R3R b - - bm Rc1+; id &quot;WAC.237&quot;; - Rc5 in 1,000s
</system-out>
  </testcase>
  <testcase classname="net.viktorc.detroid.engine.WinAtChessTest" name="search[237]" time="1.015"/>
  <testcase classname="net.viktorc.detroid.engine.WinAtChessTest" name="search[238]" time="1.015"/>
  <testcase classname="net.viktorc.detroid.engine.WinAtChessTest" name="search[239]" time="1.015"/>
  <testcase classname="net.viktorc.detroid.engine.WinAtChessTest" name="search[240]" time="1.017">
    <skipped/>
    <system-out>2rq1rk1/pp3ppp/2n2b2/4NR2/3P4/PB5Q/1P4PP/3R2K1 w - - bm Qxh7+; id &quot;WAC.241&quot;; - Nxf7 in 1,000s
</system-out>
  </testcase>
  <testcase classname="net.viktorc.detroid.engine.WinAtChessTest" name="search[241]" time="1.015"/>
  <testcase classname="net.viktorc.detroid.engine.WinAtChessTest" name="search[242]" time="1.015"/>
  <testcase classname="net.viktorc.detroid.engine.WinAtChessTest" name="search[243]" time="1.03"/>
  <testcase classname="net.viktorc.detroid.engine.WinAtChessTest" name="search[244]" time="1.031"/>
  <testcase classname="net.viktorc.detroid.engine.WinAtChessTest" name="search[245]" time="0"/>
  <testcase classname="net.viktorc.detroid.engine.WinAtChessTest" name="search[246]" time="1.015">
    <skipped/>
    <system-out>2k1r3/1p2Bq2/p2Qp3/Pb1p1p1P/2pP1P2/2P5/2P2KP1/1R6 w - - bm Rxb5; id &quot;WAC.247&quot;; - Qc5+ in 1,000s
</system-out>
  </testcase>
  <testcase classname="net.viktorc.detroid.engine.WinAtChessTest" name="search[247]" time="1.031"/>
  <testcase classname="net.viktorc.detroid.engine.WinAtChessTest" name="search[248]" time="0.987"/>
  <testcase classname="net.viktorc.detroid.engine.WinAtChessTest" name="search[249]" time="1.044"/>
  <testcase classname="net.viktorc.detroid.engine.WinAtChessTest" name="search[250]" time="1.033"/>
  <testcase classname="net.viktorc.detroid.engine.WinAtChessTest" name="search[251]" time="1.024">
    <skipped/>
    <system-out>1rb1r1k1/p1p2ppp/5n2/2pP4/5P2/2QB4/qNP3PP/2KRB2R b - - bm Bg4 Re2; c0 &quot;Bg4 wins, but Re2 is far better.&quot;; id &quot;WAC.252&quot;; - Nxd5 in 1,000s
</system-out>
  </testcase>
  <testcase classname="net.viktorc.detroid.engine.WinAtChessTest" name="search[252]" time="1.031"/>
  <testcase classname="net.viktorc.detroid.engine.WinAtChessTest" name="search[253]" time="1.015"/>
  <testcase classname="net.viktorc.detroid.engine.WinAtChessTest" name="search[254]" time="1.03"/>
  <testcase classname="net.viktorc.detroid.engine.WinAtChessTest" name="search[255]" time="1.015">
    <skipped/>
    <system-out>3r1rk1/1pb1qp1p/2p3p1/p7/P2Np2R/1P5P/1BP2PP1/3Q1BK1 w - - bm Nf5; id &quot;WAC.256&quot;; - g3 in 1,000s
</system-out>
  </testcase>
  <testcase classname="net.viktorc.detroid.engine.WinAtChessTest" name="search[256]" time="0.974"/>
  <testcase classname="net.viktorc.detroid.engine.WinAtChessTest" name="search[257]" time="1.002"/>
  <testcase classname="net.viktorc.detroid.engine.WinAtChessTest" name="search[258]" time="1.056"/>
  <testcase classname="net.viktorc.detroid.engine.WinAtChessTest" name="search[259]" time="1.019"/>
  <testcase classname="net.viktorc.detroid.engine.WinAtChessTest" name="search[260]" time="1.047"/>
  <testcase classname="net.viktorc.detroid.engine.WinAtChessTest" name="search[261]" time="1.03">
    <skipped/>
    <system-out>6k1/p1B1b2p/2b3r1/2p5/4p3/1PP1N1Pq/P2R1P2/3Q2K1 b - - bm Rh6; id &quot;WAC.262&quot;; - Bf6 in 1,000s
</system-out>
  </testcase>
  <testcase classname="net.viktorc.detroid.engine.WinAtChessTest" name="search[262]" time="1.031"/>
  <testcase classname="net.viktorc.detroid.engine.WinAtChessTest" name="search[263]" time="1.015"/>
  <testcase classname="net.viktorc.detroid.engine.WinAtChessTest" name="search[264]" time="1.015"/>
  <testcase classname="net.viktorc.detroid.engine.WinAtChessTest" name="search[265]" time="1.029"/>
  <testcase classname="net.viktorc.detroid.engine.WinAtChessTest" name="search[266]" time="1.031"/>
  <testcase classname="net.viktorc.detroid.engine.WinAtChessTest" name="search[267]" time="1.015"/>
  <testcase classname="net.viktorc.detroid.engine.WinAtChessTest" name="search[268]" time="1.061">
    <skipped/>
    <system-out>2kr2nr/pp1n1ppp/2p1p3/q7/1b1P1B2/P1N2Q1P/1PP1BPP1/R3K2R w KQ - bm axb4; id &quot;WAC.269&quot;; - Bd2 in 1,000s
</system-out>
  </testcase>
  <testcase classname="net.viktorc.detroid.engine.WinAtChessTest" name="search[269]" time="1.013"/>
  <testcase classname="net.viktorc.detroid.engine.WinAtChessTest" name="search[270]" time="1.016"/>
  <testcase classname="net.viktorc.detroid.engine.WinAtChessTest" name="search[271]" time="1.007"/>
  <testcase classname="net.viktorc.detroid.engine.WinAtChessTest" name="search[272]" time="1.015"/>
  <testcase classname="net.viktorc.detroid.engine.WinAtChessTest" name="search[273]" time="1.031"/>
  <testcase classname="net.viktorc.detroid.engine.WinAtChessTest" name="search[274]" time="1.002"/>
  <testcase classname="net.viktorc.detroid.engine.WinAtChessTest" name="search[275]" time="1.031"/>
  <testcase classname="net.viktorc.detroid.engine.WinAtChessTest" name="search[276]" time="1.03"/>
  <testcase classname="net.viktorc.detroid.engine.WinAtChessTest" name="search[277]" time="1.031"/>
  <testcase classname="net.viktorc.detroid.engine.WinAtChessTest" name="search[278]" time="1.015"/>
  <testcase classname="net.viktorc.detroid.engine.WinAtChessTest" name="search[279]" time="1.015"/>
  <testcase classname="net.viktorc.detroid.engine.WinAtChessTest" name="search[280]" time="1.015"/>
  <testcase classname="net.viktorc.detroid.engine.WinAtChessTest" name="search[281]" time="1.031"/>
  <testcase classname="net.viktorc.detroid.engine.WinAtChessTest" name="search[282]" time="1.03"/>
  <testcase classname="net.viktorc.detroid.engine.WinAtChessTest" name="search[283]" time="1.015"/>
  <testcase classname="net.viktorc.detroid.engine.WinAtChessTest" name="search[284]" time="1.031"/>
  <testcase classname="net.viktorc.detroid.engine.WinAtChessTest" name="search[285]" time="1.016"/>
  <testcase classname="net.viktorc.detroid.engine.WinAtChessTest" name="search[286]" time="1.03"/>
  <testcase classname="net.viktorc.detroid.engine.WinAtChessTest" name="search[287]" time="1.016"/>
  <testcase classname="net.viktorc.detroid.engine.WinAtChessTest" name="search[288]" time="1.015"/>
  <testcase classname="net.viktorc.detroid.engine.WinAtChessTest" name="search[289]" time="1.031"/>
  <testcase classname="net.viktorc.detroid.engine.WinAtChessTest" name="search[290]" time="1.03"/>
  <testcase classname="net.viktorc.detroid.engine.WinAtChessTest" name="search[291]" time="1.015"/>
  <testcase classname="net.viktorc.detroid.engine.WinAtChessTest" name="search[292]" time="1.015">
    <skipped/>
    <system-out>1nbq1r1k/3rbp1p/p1p1pp1Q/1p6/P1pPN3/5NP1/1P2PPBP/R4RK1 w - - bm Nfg5; id &quot;WAC.293&quot;; - e3 in 1,000s
</system-out>
  </testcase>
  <testcase classname="net.viktorc.detroid.engine.WinAtChessTest" name="search[293]" time="1.032"/>
  <testcase classname="net.viktorc.detroid.engine.WinAtChessTest" name="search[294]" time="0.375"/>
  <testcase classname="net.viktorc.detroid.engine.WinAtChessTest" name="search[295]" time="1"/>
  <testcase classname="net.viktorc.detroid.engine.WinAtChessTest" name="search[296]" time="1.03"/>
  <testcase classname="net.viktorc.detroid.engine.WinAtChessTest" name="search[297]" time="1.032"/>
  <testcase classname="net.viktorc.detroid.engine.WinAtChessTest" name="search[298]" time="1.016"/>
  <testcase classname="net.viktorc.detroid.engine.WinAtChessTest" name="search[299]" time="1.015"/>
</testsuite>